mode: set
github.com/yourusername/mediator/example/usecase/product_detail_usecase.go:21.25,26.2 1 1
github.com/yourusername/mediator/example/usecase/product_detail_usecase.go:29.102,31.9 2 1
github.com/yourusername/mediator/example/usecase/product_detail_usecase.go:31.9,33.3 1 1
github.com/yourusername/mediator/example/usecase/product_detail_usecase.go:35.2,39.16 3 1
github.com/yourusername/mediator/example/usecase/product_detail_usecase.go:39.16,42.3 1 1
github.com/yourusername/mediator/example/usecase/product_detail_usecase.go:45.2,60.16 3 1
github.com/yourusername/mediator/example/usecase/product_detail_usecase.go:60.16,62.3 1 1
github.com/yourusername/mediator/example/usecase/product_detail_usecase.go:65.2,70.12 2 1
github.com/yourusername/mediator/example/usecase/product_detail_usecase.go:74.110,77.9 2 1
github.com/yourusername/mediator/example/usecase/product_detail_usecase.go:77.9,79.3 1 1
github.com/yourusername/mediator/example/usecase/product_detail_usecase.go:82.2,86.16 3 1
github.com/yourusername/mediator/example/usecase/product_detail_usecase.go:86.16,88.3 1 1
github.com/yourusername/mediator/example/usecase/product_detail_usecase.go:91.2,96.12 2 1
github.com/yourusername/mediator/example/usecase/product_usecase.go:24.19,30.2 1 1
github.com/yourusername/mediator/example/usecase/product_usecase.go:33.129,44.16 3 1
github.com/yourusername/mediator/example/usecase/product_usecase.go:44.16,46.3 1 1
github.com/yourusername/mediator/example/usecase/product_usecase.go:49.2,51.16 3 1
github.com/yourusername/mediator/example/usecase/product_usecase.go:51.16,53.3 1 1
github.com/yourusername/mediator/example/usecase/product_usecase.go:56.2,61.24 2 1
github.com/yourusername/mediator/example/usecase/product_usecase.go:65.120,68.42 2 1
github.com/yourusername/mediator/example/usecase/product_usecase.go:68.42,70.3 1 1
github.com/yourusername/mediator/example/usecase/product_usecase.go:73.2,77.16 3 1
github.com/yourusername/mediator/example/usecase/product_usecase.go:77.16,79.3 1 1
github.com/yourusername/mediator/example/usecase/product_usecase.go:82.2,83.16 2 1
github.com/yourusername/mediator/example/usecase/product_usecase.go:83.16,85.3 1 1
github.com/yourusername/mediator/example/usecase/product_usecase.go:88.2,105.4 2 1
github.com/yourusername/mediator/example/usecase/product_usecase.go:109.98,111.9 2 1
github.com/yourusername/mediator/example/usecase/product_usecase.go:111.9,113.3 1 1
github.com/yourusername/mediator/example/usecase/product_usecase.go:116.2,121.12 2 1
github.com/yourusername/mediator/example/usecase/product_usecase.go:125.96,128.9 2 1
github.com/yourusername/mediator/example/usecase/product_usecase.go:128.9,130.3 1 1
github.com/yourusername/mediator/example/usecase/product_usecase.go:133.2,134.16 2 1
github.com/yourusername/mediator/example/usecase/product_usecase.go:134.16,136.3 1 1
github.com/yourusername/mediator/example/usecase/product_usecase.go:139.2,144.12 2 1
github.com/yourusername/mediator/example/usecase/sku_usecase.go:23.15,28.2 1 1
github.com/yourusername/mediator/example/usecase/sku_usecase.go:31.104,41.16 3 1
github.com/yourusername/mediator/example/usecase/sku_usecase.go:41.16,43.3 1 1
github.com/yourusername/mediator/example/usecase/sku_usecase.go:46.2,51.20 2 1
github.com/yourusername/mediator/example/usecase/sku_usecase.go:55.90,57.9 2 1
github.com/yourusername/mediator/example/usecase/sku_usecase.go:57.9,59.3 1 1
github.com/yourusername/mediator/example/usecase/sku_usecase.go:62.2,63.12 2 1
github.com/yourusername/mediator/example/usecase/sku_usecase.go:67.88,70.34 2 1
github.com/yourusername/mediator/example/usecase/sku_usecase.go:70.34,72.3 1 1
github.com/yourusername/mediator/example/usecase/sku_usecase.go:74.2,79.16 4 1
github.com/yourusername/mediator/example/usecase/sku_usecase.go:79.16,81.3 1 1
github.com/yourusername/mediator/example/usecase/sku_usecase.go:84.2,87.4 1 1
